
28. Printing statistics.

=== picorv32a ===

   Number of wires:              19841
   Number of wire bits:          20223
   Number of public wires:        1565
   Number of public wire bits:    1947
   Number of memories:               0
   Number of memory bits:            0
   Number of processes:              0
   Number of cells:              20121
     sky130_fd_sc_hd__a2111o_2      12
     sky130_fd_sc_hd__a2111oi_2      9
     sky130_fd_sc_hd__a211o_2       50
     sky130_fd_sc_hd__a211oi_2      21
     sky130_fd_sc_hd__a21bo_2       64
     sky130_fd_sc_hd__a21boi_2     341
     sky130_fd_sc_hd__a21o_2       460
     sky130_fd_sc_hd__a21oi_2     1164
     sky130_fd_sc_hd__a221o_2       82
     sky130_fd_sc_hd__a221oi_2      68
     sky130_fd_sc_hd__a22o_2        54
     sky130_fd_sc_hd__a22oi_2      164
     sky130_fd_sc_hd__a2bb2oi_2     22
     sky130_fd_sc_hd__a311o_2        8
     sky130_fd_sc_hd__a311oi_2       3
     sky130_fd_sc_hd__a31o_2        17
     sky130_fd_sc_hd__a31oi_2       82
     sky130_fd_sc_hd__a32o_2        10
     sky130_fd_sc_hd__a32oi_2        7
     sky130_fd_sc_hd__a41o_2         4
     sky130_fd_sc_hd__a41oi_2       42
     sky130_fd_sc_hd__and2_2       722
     sky130_fd_sc_hd__and2b_2       83
     sky130_fd_sc_hd__and3_2        58
     sky130_fd_sc_hd__and3b_2       16
     sky130_fd_sc_hd__and4_2       146
     sky130_fd_sc_hd__and4b_2        1
     sky130_fd_sc_hd__buf_1       1637
     sky130_fd_sc_hd__buf_2         11
     sky130_fd_sc_hd__conb_1        42
     sky130_fd_sc_hd__dfxtp_2     1613
     sky130_fd_sc_hd__inv_2         73
     sky130_fd_sc_hd__mux2_1      1224
     sky130_fd_sc_hd__mux2_2       845
     sky130_fd_sc_hd__mux4_1       221
     sky130_fd_sc_hd__nand2_2     2157
     sky130_fd_sc_hd__nand3_2     1364
     sky130_fd_sc_hd__nand3b_2     752
     sky130_fd_sc_hd__nor2_2       729
     sky130_fd_sc_hd__nor2b_2       82
     sky130_fd_sc_hd__nor3_2       334
     sky130_fd_sc_hd__nor3b_2      180
     sky130_fd_sc_hd__o2111a_2      11
     sky130_fd_sc_hd__o2111ai_2     27
     sky130_fd_sc_hd__o211a_2      165
     sky130_fd_sc_hd__o211ai_2      57
     sky130_fd_sc_hd__o21a_2       222
     sky130_fd_sc_hd__o21ai_2      669
     sky130_fd_sc_hd__o21ba_2       27
     sky130_fd_sc_hd__o21bai_2     655
     sky130_fd_sc_hd__o221a_2        7
     sky130_fd_sc_hd__o221ai_2      11
     sky130_fd_sc_hd__o22a_2         9
     sky130_fd_sc_hd__o22ai_2       29
     sky130_fd_sc_hd__o2bb2a_2       8
     sky130_fd_sc_hd__o2bb2ai_2    172
     sky130_fd_sc_hd__o311a_2        3
     sky130_fd_sc_hd__o311ai_2      10
     sky130_fd_sc_hd__o31a_2        28
     sky130_fd_sc_hd__o31ai_2       44
     sky130_fd_sc_hd__o32ai_2        1
     sky130_fd_sc_hd__o41a_2         4
     sky130_fd_sc_hd__o41ai_2        4
     sky130_fd_sc_hd__or2_2         70
     sky130_fd_sc_hd__or2b_2       107
     sky130_fd_sc_hd__or3_2          6
     sky130_fd_sc_hd__or3b_2         3
     sky130_fd_sc_hd__or4_2         38
     sky130_fd_sc_hd__or4b_2         2
     sky130_fd_sc_hd__xnor2_2      274
     sky130_fd_sc_hd__xor2_2       538
     sky130_vsdinv                1946

   Chip area for module '\picorv32a': 196832.528000

