Startpoint: _37159_ (rising edge-triggered flip-flop clocked by clk)
Endpoint: _37159_ (rising edge-triggered flip-flop clocked by clk)
Path Group: clk
Path Type: min

Fanout     Cap    Slew   Delay    Time   Description
-----------------------------------------------------------------------------
                  0.00    0.00    0.00   clock clk (rise edge)
                          0.00    0.00   clock network delay (ideal)
                  0.00    0.00    0.00 ^ _37159_/CLK (sky130_fd_sc_hd__dfxtp_2)
                  0.03    0.18    0.18 ^ _37159_/Q (sky130_fd_sc_hd__dfxtp_2)
     2    0.00                           cpuregs[0][0] (net)
                  0.03    0.00    0.18 ^ _21474_/A (sky130_fd_sc_hd__buf_1)
                  0.02    0.04    0.23 ^ _21474_/X (sky130_fd_sc_hd__buf_1)
     1    0.00                           _02835_ (net)
                  0.02    0.00    0.23 ^ _37159_/D (sky130_fd_sc_hd__dfxtp_2)
                                  0.23   data arrival time

                  0.00    0.00    0.00   clock clk (rise edge)
                          0.00    0.00   clock network delay (ideal)
                          0.00    0.00   clock reconvergence pessimism
                                  0.00 ^ _37159_/CLK (sky130_fd_sc_hd__dfxtp_2)
                         -0.02   -0.02   library hold time
                                 -0.02   data required time
-----------------------------------------------------------------------------
                                 -0.02   data required time
                                 -0.23   data arrival time
-----------------------------------------------------------------------------
                                  0.24   slack (MET)


Startpoint: _38386_ (rising edge-triggered flip-flop clocked by clk)
Endpoint: _38313_ (rising edge-triggered flip-flop clocked by clk)
Path Group: clk
Path Type: max

Fanout     Cap    Slew   Delay    Time   Description
-----------------------------------------------------------------------------
                  0.00    0.00    0.00   clock clk (rise edge)
                          0.00    0.00   clock network delay (ideal)
                  0.00    0.00    0.00 ^ _38386_/CLK (sky130_fd_sc_hd__dfxtp_2)
                  0.87    1.20    1.20 ^ _38386_/Q (sky130_fd_sc_hd__dfxtp_2)
    33    0.11                           latched_stalu (net)
                  0.87    0.00    1.20 ^ _36287_/S (sky130_fd_sc_hd__mux2_1)
                  0.13    0.92    2.13 v _36287_/X (sky130_fd_sc_hd__mux2_1)
     2    0.00                           _00293_ (net)
                  0.13    0.00    2.13 v _36286_/A1 (sky130_fd_sc_hd__mux2_1)
                  0.10    0.65    2.77 v _36286_/X (sky130_fd_sc_hd__mux2_1)
     1    0.00                           _00294_ (net)
                  0.10    0.00    2.77 v _22616_/B (sky130_fd_sc_hd__and2_2)
                  0.06    0.39    3.16 v _22616_/X (sky130_fd_sc_hd__and2_2)
     1    0.00                           _00295_ (net)
                  0.06    0.00    3.16 v _35577_/A0 (sky130_fd_sc_hd__mux2_1)
                  0.21    0.76    3.93 v _35577_/X (sky130_fd_sc_hd__mux2_1)
     4    0.01                           _02560_ (net)
                  0.21    0.00    3.93 v _23009_/A (sky130_fd_sc_hd__xnor2_2)
                  0.14    0.34    4.26 v _23009_/Y (sky130_fd_sc_hd__xnor2_2)
     2    0.01                           _18034_ (net)
                  0.14    0.00    4.26 v _23014_/A_N (sky130_fd_sc_hd__nand3b_2)
                  0.19    0.51    4.77 v _23014_/Y (sky130_fd_sc_hd__nand3b_2)
     2    0.01                           _18036_ (net)
                  0.19    0.00    4.77 v _23021_/A2_N (sky130_fd_sc_hd__o2bb2ai_2)
                  0.12    0.30    5.07 v _23021_/Y (sky130_fd_sc_hd__o2bb2ai_2)
     2    0.01                           _18041_ (net)
                  0.12    0.00    5.07 v _23029_/A2_N (sky130_fd_sc_hd__o2bb2ai_2)
                  0.08    0.24    5.31 v _23029_/Y (sky130_fd_sc_hd__o2bb2ai_2)
     1    0.00                           _18047_ (net)
                  0.08    0.00    5.31 v _23030_/B1 (sky130_fd_sc_hd__o21ai_2)
                  0.32    0.15    5.45 ^ _23030_/Y (sky130_fd_sc_hd__o21ai_2)
     2    0.01                           _18048_ (net)
                  0.32    0.00    5.45 ^ _23037_/B1 (sky130_fd_sc_hd__o21ai_2)
                  0.11    0.19    5.64 v _23037_/Y (sky130_fd_sc_hd__o21ai_2)
     1    0.00                           _18053_ (net)
                  0.11    0.00    5.64 v _23038_/B1 (sky130_fd_sc_hd__o21ai_2)
                  0.28    0.15    5.79 ^ _23038_/Y (sky130_fd_sc_hd__o21ai_2)
     2    0.01                           _18054_ (net)
                  0.28    0.00    5.79 ^ _23045_/A1 (sky130_fd_sc_hd__a21o_2)
                  0.13    0.37    6.16 ^ _23045_/X (sky130_fd_sc_hd__a21o_2)
     2    0.01                           _18059_ (net)
                  0.13    0.00    6.16 ^ _23052_/A1 (sky130_fd_sc_hd__a21oi_2)
                  0.13    0.17    6.33 v _23052_/Y (sky130_fd_sc_hd__a21oi_2)
     2    0.01                           _18064_ (net)
                  0.13    0.00    6.33 v _23060_/A2 (sky130_fd_sc_hd__o21bai_2)
                  0.31    0.32    6.65 ^ _23060_/Y (sky130_fd_sc_hd__o21bai_2)
     2    0.01                           _18070_ (net)
                  0.31    0.00    6.65 ^ _23067_/A1 (sky130_fd_sc_hd__a21oi_2)
                  0.15    0.24    6.89 v _23067_/Y (sky130_fd_sc_hd__a21oi_2)
     2    0.01                           _18075_ (net)
                  0.15    0.00    6.89 v _23074_/A2 (sky130_fd_sc_hd__o21bai_2)
                  0.31    0.33    7.22 ^ _23074_/Y (sky130_fd_sc_hd__o21bai_2)
     2    0.01                           _18080_ (net)
                  0.31    0.00    7.22 ^ _23080_/A1 (sky130_fd_sc_hd__a21oi_2)
                  0.15    0.24    7.46 v _23080_/Y (sky130_fd_sc_hd__a21oi_2)
     2    0.01                           _18084_ (net)
                  0.15    0.00    7.46 v _23086_/A2 (sky130_fd_sc_hd__o21bai_2)
                  0.31    0.33    7.78 ^ _23086_/Y (sky130_fd_sc_hd__o21bai_2)
     2    0.01                           _18088_ (net)
                  0.31    0.00    7.78 ^ _23092_/A1 (sky130_fd_sc_hd__a21oi_2)
                  0.15    0.24    8.03 v _23092_/Y (sky130_fd_sc_hd__a21oi_2)
     2    0.01                           _18092_ (net)
                  0.15    0.00    8.03 v _23098_/A2 (sky130_fd_sc_hd__o21bai_2)
                  0.31    0.33    8.35 ^ _23098_/Y (sky130_fd_sc_hd__o21bai_2)
     2    0.01                           _18096_ (net)
                  0.31    0.00    8.35 ^ _23104_/A1 (sky130_fd_sc_hd__a21oi_2)
                  0.15    0.24    8.59 v _23104_/Y (sky130_fd_sc_hd__a21oi_2)
     2    0.01                           _18100_ (net)
                  0.15    0.00    8.59 v _23110_/A2 (sky130_fd_sc_hd__o21bai_2)
                  0.31    0.33    8.92 ^ _23110_/Y (sky130_fd_sc_hd__o21bai_2)
     2    0.01                           _18104_ (net)
                  0.31    0.00    8.92 ^ _23116_/A1 (sky130_fd_sc_hd__a21oi_2)
                  0.15    0.24    9.16 v _23116_/Y (sky130_fd_sc_hd__a21oi_2)
     2    0.01                           _18108_ (net)
                  0.15    0.00    9.16 v _23123_/A2 (sky130_fd_sc_hd__o21bai_2)
                  0.31    0.33    9.49 ^ _23123_/Y (sky130_fd_sc_hd__o21bai_2)
     2    0.01                           _18113_ (net)
                  0.31    0.00    9.49 ^ _23129_/A1 (sky130_fd_sc_hd__a21oi_2)
                  0.15    0.24    9.73 v _23129_/Y (sky130_fd_sc_hd__a21oi_2)
     2    0.01                           _18117_ (net)
                  0.15    0.00    9.73 v _23136_/A2 (sky130_fd_sc_hd__o21bai_2)
                  0.38    0.38   10.11 ^ _23136_/Y (sky130_fd_sc_hd__o21bai_2)
     3    0.02                           _18122_ (net)
                  0.38    0.00   10.11 ^ _23146_/A (sky130_fd_sc_hd__nand3_2)
                  0.20    0.28   10.39 v _23146_/Y (sky130_fd_sc_hd__nand3_2)
     3    0.01                           _18128_ (net)
                  0.20    0.00   10.39 v _23162_/A2 (sky130_fd_sc_hd__o211ai_2)
                  0.43    0.45   10.84 ^ _23162_/Y (sky130_fd_sc_hd__o211ai_2)
     3    0.02                           _18140_ (net)
                  0.43    0.00   10.84 ^ _23172_/A (sky130_fd_sc_hd__nand3_2)
                  0.21    0.30   11.13 v _23172_/Y (sky130_fd_sc_hd__nand3_2)
     3    0.01                           _18146_ (net)
                  0.21    0.00   11.13 v _23188_/A2 (sky130_fd_sc_hd__o211ai_2)
                  0.43    0.45   11.58 ^ _23188_/Y (sky130_fd_sc_hd__o211ai_2)
     3    0.02                           _18158_ (net)
                  0.43    0.00   11.58 ^ _23194_/A1 (sky130_fd_sc_hd__a21oi_2)
                  0.14    0.25   11.83 v _23194_/Y (sky130_fd_sc_hd__a21oi_2)
     1    0.01                           _18162_ (net)
                  0.14    0.00   11.83 v _23195_/B (sky130_fd_sc_hd__xor2_2)
                  0.08    0.27   12.10 v _23195_/X (sky130_fd_sc_hd__xor2_2)
     1    0.00                           _01676_ (net)
                  0.08    0.00   12.10 v _36302_/A1 (sky130_fd_sc_hd__mux2_1)
                  0.10    0.63   12.73 v _36302_/X (sky130_fd_sc_hd__mux2_1)
     1    0.00                           _01677_ (net)
                  0.10    0.00   12.73 v _36756_/A1 (sky130_fd_sc_hd__mux4_1)
                  0.14    1.10   13.83 v _36756_/X (sky130_fd_sc_hd__mux4_1)
     1    0.00                           _01678_ (net)
                  0.14    0.00   13.83 v _36303_/A0 (sky130_fd_sc_hd__mux2_1)
                  0.10    0.63   14.46 v _36303_/X (sky130_fd_sc_hd__mux2_1)
     1    0.00                           _02529_ (net)
                  0.10    0.00   14.46 v _18879_/A (sky130_fd_sc_hd__or2b_2)
                  0.10    0.65   15.11 v _18879_/X (sky130_fd_sc_hd__or2b_2)
     1    0.00                           _16069_ (net)
                  0.10    0.00   15.11 v _18880_/C1 (sky130_fd_sc_hd__o211a_2)
                  0.06    0.21   15.32 v _18880_/X (sky130_fd_sc_hd__o211a_2)
     1    0.00                           _03989_ (net)
                  0.06    0.00   15.32 v _38313_/D (sky130_fd_sc_hd__dfxtp_2)
                                 15.32   data arrival time

                  0.00   24.73   24.73   clock clk (rise edge)
                          0.00   24.73   clock network delay (ideal)
                          0.00   24.73   clock reconvergence pessimism
                                 24.73 ^ _38313_/CLK (sky130_fd_sc_hd__dfxtp_2)
                         -0.29   24.44   library setup time
                                 24.44   data required time
-----------------------------------------------------------------------------
                                 24.44   data required time
                                -15.32   data arrival time
-----------------------------------------------------------------------------
                                  9.12   slack (MET)


