[INFO]: Current run directory is /openLANE_flow/designs/picorv32a/runs/29-01_16-21
[INFO]: Preparing LEF Files
[INFO]: Extracting the number of available metal layers from /home/kunalg123/Desktop/work/tools/openlane_working_dir/pdks/sky130A/libs.ref/sky130_fd_sc_hd/techlef/sky130_fd_sc_hd.tlef
[INFO]: The number of available metal layers is 6
[INFO]: The available metal layers are li1 met1 met2 met3 met4 met5
[INFO]: Merging LEF Files...
[INFO]: Merging the following extra LEFs: /openLANE_flow/designs/picorv32a/src/sky130_vsdinv.lef
[INFO]: Trimming Liberty...
[INFO]: Generating Exclude List...
[INFO]: Storing configs into config.tcl ...
[INFO]: Preparation complete
[INFO]: Running Synthesis...
[INFO]: current step index: 4
[INFO]: Changing netlist from /openLANE_flow/designs/picorv32a/runs/29-01_16-21/results/synthesis/picorv32a.synthesis.v to /openLANE_flow/designs/picorv32a/runs/29-01_16-21/results/synthesis/picorv32a.synthesis.v
[INFO]: Running Static Timing Analysis...
[INFO]: current step index: 5
[INFO]: Synthesis was successful
[INFO]: Running Initial Floorplanning...
[INFO]: current step index: 6
[INFO]: Core area width: 749.8000000000001
[INFO]: Core area height: 748.0
[INFO]: Changing layout from 0 to /openLANE_flow/designs/picorv32a/runs/29-01_16-21/tmp/floorplan/6-verilog2def_openroad.def
[INFO]: Running IO Placement...
[INFO]: current step index: 7
[INFO]: Changing layout from /openLANE_flow/designs/picorv32a/runs/29-01_16-21/tmp/floorplan/6-verilog2def_openroad.def to /openLANE_flow/designs/picorv32a/runs/29-01_16-21/tmp/floorplan/7-ioPlacer.def
[INFO]: Running Global Placement...
[INFO]: current step index: 8
[INFO]: Global placement was successful
[INFO]: Changing layout from /openLANE_flow/designs/picorv32a/runs/29-01_16-21/tmp/floorplan/7-ioPlacer.def to /openLANE_flow/designs/picorv32a/runs/29-01_16-21/tmp/placement/8-replace.def
[INFO]: Running Detailed Placement...
[INFO]: current step index: 9
[INFO]: Changing layout from /openLANE_flow/designs/picorv32a/runs/29-01_16-21/tmp/placement/8-replace.def to /openLANE_flow/designs/picorv32a/runs/29-01_16-21/results/placement/picorv32a.placement.def
[INFO]: Running Tap/Decap Insertion...
[INFO]: current step index: 10
[INFO]: Changing layout from /openLANE_flow/designs/picorv32a/runs/29-01_16-21/results/placement/picorv32a.placement.def to /openLANE_flow/designs/picorv32a/runs/29-01_16-21/results/floorplan/picorv32a.floorplan.def
[INFO]: Running Detailed Placement...
[INFO]: current step index: 11
[INFO]: Changing layout from /openLANE_flow/designs/picorv32a/runs/29-01_16-21/results/floorplan/picorv32a.floorplan.def to /openLANE_flow/designs/picorv32a/runs/29-01_16-21/results/placement/picorv32a.placement.def
[INFO]: Running TritonCTS...
[INFO]: current step index: 12
[INFO]: Trimming Liberty...
[INFO]: Generating Exclude List...
[INFO]: Clock Tree Synthesis was successful
[INFO]: Changing layout from /openLANE_flow/designs/picorv32a/runs/29-01_16-21/results/placement/picorv32a.placement.def to /openLANE_flow/designs/picorv32a/runs/29-01_16-21/results/cts/picorv32a.cts.def
[INFO]: Writing Verilog...
[INFO]: current step index: 13
[INFO]: Changing netlist from /openLANE_flow/designs/picorv32a/runs/29-01_16-21/results/synthesis/picorv32a.synthesis.v to /openLANE_flow/designs/picorv32a/runs/29-01_16-21/results/synthesis/picorv32a.synthesis_cts.v
[INFO]: Taking a Screenshot of the Layout Using Klayout...
[INFO]: current step index: 14
[INFO]: Screenshot taken.
[INFO]: Generating PDN...
[INFO]: current step index: 15
[INFO]: PDN generation was successful.
[INFO]: Changing layout from /openLANE_flow/designs/picorv32a/runs/29-01_16-21/results/cts/picorv32a.cts.def to /openLANE_flow/designs/picorv32a/runs/29-01_16-21/tmp/floorplan/15-pdn.def
[INFO]: Routing...
[INFO]: Running Global Routing...
[INFO]: current step index: 16
[INFO]: Changing layout from /openLANE_flow/designs/picorv32a/runs/29-01_16-21/tmp/floorplan/15-pdn.def to /openLANE_flow/designs/picorv32a/runs/29-01_16-21/tmp/routing/16-fastroute.def
[INFO]: Changing layout from 0 to /openLANE_flow/designs/picorv32a/runs/29-01_16-21/tmp/routing/16-fastroute.guide
[INFO]: Changing layout from /openLANE_flow/designs/picorv32a/runs/29-01_16-21/tmp/routing/16-fastroute.def to /openLANE_flow/designs/picorv32a/runs/29-01_16-21/tmp/routing/16-fastroute.def
[INFO]: Changing layout from /openLANE_flow/designs/picorv32a/runs/29-01_16-21/tmp/routing/16-fastroute.guide to /openLANE_flow/designs/picorv32a/runs/29-01_16-21/tmp/routing/16-fastroute.guide
[INFO]: Current Def is /openLANE_flow/designs/picorv32a/runs/29-01_16-21/tmp/routing/16-fastroute.def
[INFO]: Current Guide is /openLANE_flow/designs/picorv32a/runs/29-01_16-21/tmp/routing/16-fastroute.guide
[INFO]: Running Fill Insertion...
[INFO]: current step index: 17
[INFO]: Changing layout from /openLANE_flow/designs/picorv32a/runs/29-01_16-21/tmp/routing/16-fastroute.def to /openLANE_flow/designs/picorv32a/runs/29-01_16-21/tmp/routing/17-addspacers.def
[INFO]: Writing Verilog...
[INFO]: current step index: 18
[INFO]: Changing netlist from /openLANE_flow/designs/picorv32a/runs/29-01_16-21/results/synthesis/picorv32a.synthesis_cts.v to /openLANE_flow/designs/picorv32a/runs/29-01_16-21/results/synthesis/picorv32a.synthesis_preroute.v
[INFO]: Running Detailed Routing...
[INFO]: current step index: 19
[INFO]: No DRC violations after detailed routing.
[INFO]: Changing layout from /openLANE_flow/designs/picorv32a/runs/29-01_16-21/tmp/routing/17-addspacers.def to /openLANE_flow/designs/picorv32a/runs/29-01_16-21/results/routing/picorv32a.def
[INFO]: Taking a Screenshot of the Layout Using Klayout...
[INFO]: current step index: 20
[INFO]: Screenshot taken.
[INFO]: Running SPEF Extraction...
[INFO]: current step index: 21
[INFO]: Running Static Timing Analysis...
[INFO]: current step index: 22
[INFO]: Calculating Runtime From the Start...
[INFO]: Routing completed for picorv32a/30-01_09-24 in 0h28m28s
[INFO]: Running Magic to generate various views...
[INFO]: Streaming out GDS II...
[INFO]: current step index: 23
[INFO]: Taking a Screenshot of the Layout Using Klayout...
[INFO]: current step index: 24
[INFO]: Screenshot taken.
[INFO]: current step index: 25
[INFO]: current step index: 26
[INFO]: current step index: 27
