OpenROAD 0.9.0 1415572a73
This program is licensed under the BSD-3 license. See the LICENSE file for details.
Components of this program may be licensed under more restrictive licenses which must be honored.
Notice 0: Reading LEF file:  /openLANE_flow/designs/picorv32a/runs/29-01_16-21/tmp/merged_unpadded.lef
Notice 0:     Created 13 technology layers
Notice 0:     Created 25 technology vias
Notice 0:     Created 441 library cells
Notice 0: Finished LEF file:  /openLANE_flow/designs/picorv32a/runs/29-01_16-21/tmp/merged_unpadded.lef
Notice 0: 
Reading DEF file: /openLANE_flow/designs/picorv32a/runs/29-01_16-21/results/placement/picorv32a.placement.def
Notice 0: Design: picorv32a
Notice 0:     Created 409 pins.
Notice 0:     Created 20121 components and 145701 component-terminals.
Notice 0:     Created 20223 nets and 69067 connections.
Notice 0: Finished DEF file: /openLANE_flow/designs/picorv32a/runs/29-01_16-21/results/placement/picorv32a.placement.def
Step 1: Cut rows...
[INFO TAP-0001] Macro blocks found: 0
[INFO TAP-0002] #Original rows: 275
[INFO TAP-0003] #Cut rows: 0
Step 2: Insert endcaps...
[INFO TAP-0004] #Endcaps inserted: 550
Step 3: Insert tapcells...
[INFO TAP-0005] #Tapcells inserted: 7892
